<?xml version="1.0" encoding="UTF-8"?>
<!-- Generated by org.testng.reporters.JUnitXMLReporter -->
<testsuite ignored="2" hostname="aditya-HP-ProBook-640-G1" failures="0" tests="1" name="Default test" time="1.912" errors="0" timestamp="2022-04-06T13:34:36 IST">
  <testcase classname="BrowserTest" name="@BeforeSuite initsuit" time="-1.649232274755E9">
    <failure type="org.testng.TestNGException" message="
Parameter &amp;apos;BrowserName&amp;apos; is required by BeforeSuite on method initsuit but has not been marked @Optional or defined
in /tmp/testng-eclipse-1241108900/testng-customsuite.xml">
      <![CDATA[org.testng.TestNGException: 
Parameter 'BrowserName' is required by BeforeSuite on method initsuit but has not been marked @Optional or defined
in /tmp/testng-eclipse-1241108900/testng-customsuite.xml
at org.testng.internal.Parameters.createParams(Parameters.java:267)
at org.testng.internal.Parameters.createParametersForMethod(Parameters.java:355)
at org.testng.internal.Parameters.createParameters(Parameters.java:660)
at org.testng.internal.Parameters.createConfigurationParameters(Parameters.java:166)
at org.testng.internal.invokers.ConfigInvoker.invokeConfigurations(ConfigInvoker.java:300)
at org.testng.SuiteRunner.privateRun(SuiteRunner.java:368)
at org.testng.SuiteRunner.run(SuiteRunner.java:326)
at org.testng.SuiteRunnerWorker.runSuite(SuiteRunnerWorker.java:52)
at org.testng.SuiteRunnerWorker.run(SuiteRunnerWorker.java:95)
at org.testng.TestNG.runSuitesSequentially(TestNG.java:1249)
at org.testng.TestNG.runSuitesLocally(TestNG.java:1169)
at org.testng.TestNG.runSuites(TestNG.java:1092)
at org.testng.TestNG.run(TestNG.java:1060)
at org.testng.remote.AbstractRemoteTestNG.run(AbstractRemoteTestNG.java:115)
at org.testng.remote.RemoteTestNG.initAndRun(RemoteTestNG.java:251)
at org.testng.remote.RemoteTestNG.main(RemoteTestNG.java:77)
]]>
    </failure>
  </testcase> <!-- @BeforeSuite initsuit -->
  <testcase classname="BrowserTest" name="@BeforeTest basics" time="0.0">
    <skipped/>
  </testcase> <!-- @BeforeTest basics -->
  <testcase classname="HomePageTest" name="enteringcredentials" time="0.0">
    <skipped/>
  </testcase> <!-- enteringcredentials -->
  <testcase classname="HomePageTest" name="AmzonOrderBooking" time="0.0">
    <ignored/>
  </testcase> <!-- AmzonOrderBooking -->
  <testcase classname="HomePageTest" name="SearchingItem" time="0.0">
    <ignored/>
  </testcase> <!-- SearchingItem -->
</testsuite> <!-- Default test -->
